<?xml version="1.0" encoding="UTF-8"?>
<!-- Generated by org.testng.reporters.JUnitReportReporter -->
<testsuite skipped="0" hostname="DESKTOP-6MBFS7G" name="assertion.TestRunner" tests="1" failures="0" timestamp="04 Oct 2022 14:14:27 GMT" time="0.179" errors="0">
  <testcase name="sample" time="0.179" classname="assertion.TestRunner"/>
</testsuite> <!-- assertion.TestRunner -->
