<?xml version="1.0" encoding="UTF-8"?>
<!-- Generated by org.testng.reporters.JUnitReportReporter -->
<testsuite skipped="0" hostname="DESKTOP-6MBFS7G" name="assertion.Test1" tests="2" failures="0" timestamp="06 Oct 2022 17:39:45 GMT" time="0.004" errors="0">
  <testcase name="tc3" time="0.002" classname="assertion.Test1"/>
  <testcase name="tc1" time="0.002" classname="assertion.Test1"/>
</testsuite> <!-- assertion.Test1 -->
