<?xml version="1.0" encoding="UTF-8"?>
<!-- Generated by org.testng.reporters.JUnitReportReporter -->
<testsuite skipped="0" hostname="DESKTOP-6MBFS7G" name="assertion.Prnew" tests="4" failures="0" timestamp="06 Oct 2022 16:51:45 GMT" time="45.996" errors="0">
  <testcase name="Tc2" time="7.744" classname="assertion.Prnew"/>
  <testcase name="Tc2" time="8.132" classname="assertion.Prnew"/>
  <testcase name="Tc2" time="21.515" classname="assertion.Prnew"/>
  <testcase name="Tc2" time="8.605" classname="assertion.Prnew"/>
</testsuite> <!-- assertion.Prnew -->
