<?xml version="1.0" encoding="UTF-8"?>
<!-- Generated by org.testng.reporters.JUnitReportReporter -->
<testsuite skipped="0" hostname="DESKTOP-6MBFS7G" name="assertion.Parmeter" tests="2" failures="0" timestamp="06 Oct 2022 08:36:14 GMT" time="17.925" errors="0">
  <testcase name="Tc3" time="9.844" classname="assertion.Parmeter"/>
  <testcase name="Tc1" time="8.081" classname="assertion.Parmeter"/>
</testsuite> <!-- assertion.Parmeter -->
