<?xml version="1.0" encoding="UTF-8"?>
<!-- Generated by org.testng.reporters.JUnitReportReporter -->
<testsuite skipped="0" hostname="DESKTOP-6MBFS7G" name="assertion.Test3" tests="2" failures="0" timestamp="06 Oct 2022 17:39:45 GMT" time="0.010" errors="0">
  <testcase name="tc300" time="0.006" classname="assertion.Test3"/>
  <testcase name="tc100" time="0.004" classname="assertion.Test3"/>
</testsuite> <!-- assertion.Test3 -->
