<?xml version="1.0" encoding="UTF-8"?>
<!-- Generated by org.testng.reporters.JUnitReportReporter -->
<testsuite skipped="0" hostname="DESKTOP-6MBFS7G" name="assertion.Test2" tests="2" failures="0" timestamp="06 Oct 2022 17:39:45 GMT" time="0.023" errors="0">
  <testcase name="tc30" time="0.004" classname="assertion.Test2"/>
  <testcase name="tc20" time="0.019" classname="assertion.Test2"/>
</testsuite> <!-- assertion.Test2 -->
